<?xml version="1.0" encoding="UTF-8"?>
<coverage generated="1653609943015" clover="3.2.0">
  <project timestamp="1653609943015" name="All files">
    <metrics statements="12" coveredstatements="12" conditionals="1" coveredconditionals="1" methods="5" coveredmethods="5" elements="18" coveredelements="18" complexity="0" loc="12" ncloc="12" packages="1" files="1" classes="1"/>
    <file name="index.tsx" path="/home/haphap/Projects/Rey/react-typescript-todo-lits/src/components/input-fields/index.tsx">
      <metrics statements="12" coveredstatements="12" conditionals="1" coveredconditionals="1" methods="5" coveredmethods="5"/>
      <line num="11" count="1" type="stmt"/>
      <line num="15" count="62" type="stmt"/>
      <line num="17" count="62" type="stmt"/>
      <line num="19" count="62" type="stmt"/>
      <line num="20" count="4" type="stmt"/>
      <line num="22" count="4" type="stmt"/>
      <line num="24" count="4" type="stmt"/>
      <line num="26" count="4" type="stmt"/>
      <line num="29" count="62" type="stmt"/>
      <line num="38" count="50" type="stmt"/>
      <line num="47" count="62" type="stmt"/>
      <line num="57" count="62" type="stmt"/>
    </file>
  </project>
</coverage>
