{"/home/haphap/Projects/Rey/react-typescript-todo-lits/src/components/todo-list/column/index.tsx": {"path":"/home/haphap/Projects/Rey/react-typescript-todo-lits/src/components/todo-list/column/index.tsx","statementMap":{"0":{"start":{"line":17,"column":19},"end":{"line":39,"column":1}},"1":{"start":{"line":21,"column":2},"end":{"line":38,"column":4}},"2":{"start":{"line":24,"column":8},"end":{"line":35,"column":30}},"3":{"start":{"line":41,"column":28},"end":{"line":60,"column":1}},"4":{"start":{"line":42,"column":55},"end":{"line":59,"column":3}}},"fnMap":{"0":{"name":"(anonymous_0)","decl":{"start":{"line":17,"column":19},"end":{"line":17,"column":20}},"loc":{"start":{"line":20,"column":48},"end":{"line":39,"column":1}},"line":20},"1":{"name":"(anonymous_1)","decl":{"start":{"line":23,"column":7},"end":{"line":23,"column":8}},"loc":{"start":{"line":24,"column":8},"end":{"line":35,"column":30}},"line":24},"2":{"name":"(anonymous_2)","decl":{"start":{"line":42,"column":2},"end":{"line":42,"column":3}},"loc":{"start":{"line":42,"column":55},"end":{"line":59,"column":3}},"line":42}},"branchMap":{"0":{"loc":{"start":{"line":42,"column":12},"end":{"line":42,"column":31}},"type":"default-arg","locations":[{"start":{"line":42,"column":22},"end":{"line":42,"column":31}}],"line":42},"1":{"loc":{"start":{"line":58,"column":39},"end":{"line":58,"column":71}},"type":"cond-expr","locations":[{"start":{"line":58,"column":56},"end":{"line":58,"column":62}},{"start":{"line":58,"column":65},"end":{"line":58,"column":71}}],"line":58}},"s":{"0":1,"1":2,"2":1,"3":1,"4":0},"f":{"0":2,"1":1,"2":0},"b":{"0":[0],"1":[0,0]},"_coverageSchema":"1a1c01bbd47fc00a2c39e90264f33305004495a9","hash":"91ecb855b9b637f678b7a53b64c80e847ae5b574"}
}
