{"/home/haphap/Projects/Rey/react-typescript-todo-lits/src/components/input-fields/index.tsx": {"path":"/home/haphap/Projects/Rey/react-typescript-todo-lits/src/components/input-fields/index.tsx","statementMap":{"0":{"start":{"line":11,"column":47},"end":{"line":45,"column":1}},"1":{"start":{"line":15,"column":19},"end":{"line":15,"column":49}},"2":{"start":{"line":17,"column":38},"end":{"line":17,"column":68}},"3":{"start":{"line":19,"column":23},"end":{"line":27,"column":3}},"4":{"start":{"line":20,"column":4},"end":{"line":20,"column":23}},"5":{"start":{"line":22,"column":4},"end":{"line":22,"column":25}},"6":{"start":{"line":24,"column":4},"end":{"line":24,"column":22}},"7":{"start":{"line":26,"column":4},"end":{"line":26,"column":29}},"8":{"start":{"line":29,"column":2},"end":{"line":44,"column":4}},"9":{"start":{"line":38,"column":25},"end":{"line":38,"column":54}},"10":{"start":{"line":47,"column":18},"end":{"line":55,"column":3}},"11":{"start":{"line":47,"column":49},"end":{"line":55,"column":1}},"12":{"start":{"line":57,"column":21},"end":{"line":78,"column":3}},"13":{"start":{"line":57,"column":52},"end":{"line":78,"column":1}}},"fnMap":{"0":{"name":"(anonymous_0)","decl":{"start":{"line":11,"column":47},"end":{"line":11,"column":48}},"loc":{"start":{"line":14,"column":6},"end":{"line":45,"column":1}},"line":14},"1":{"name":"(anonymous_1)","decl":{"start":{"line":19,"column":23},"end":{"line":19,"column":24}},"loc":{"start":{"line":19,"column":47},"end":{"line":27,"column":3}},"line":19},"2":{"name":"(anonymous_2)","decl":{"start":{"line":38,"column":18},"end":{"line":38,"column":19}},"loc":{"start":{"line":38,"column":25},"end":{"line":38,"column":54}},"line":38},"3":{"name":"(anonymous_3)","decl":{"start":{"line":47,"column":33},"end":{"line":47,"column":34}},"loc":{"start":{"line":47,"column":49},"end":{"line":55,"column":1}},"line":47},"4":{"name":"(anonymous_4)","decl":{"start":{"line":57,"column":36},"end":{"line":57,"column":37}},"loc":{"start":{"line":57,"column":52},"end":{"line":78,"column":1}},"line":57}},"branchMap":{"0":{"loc":{"start":{"line":12,"column":2},"end":{"line":12,"column":19}},"type":"default-arg","locations":[{"start":{"line":12,"column":17},"end":{"line":12,"column":19}}],"line":12}},"s":{"0":1,"1":62,"2":62,"3":62,"4":4,"5":4,"6":4,"7":4,"8":62,"9":50,"10":1,"11":62,"12":1,"13":62},"f":{"0":62,"1":4,"2":50,"3":62,"4":62},"b":{"0":[61]},"_coverageSchema":"1a1c01bbd47fc00a2c39e90264f33305004495a9","hash":"c8365d3c35b6a14c2339b75a5b154019c44bc864"}
}
