TN:
SF:src/components/input-fields/index.tsx
FN:11,(anonymous_0)
FN:19,(anonymous_1)
FN:40,(anonymous_2)
FN:49,(anonymous_3)
FN:59,(anonymous_4)
FNF:5
FNH:5
FNDA:65,(anonymous_0)
FNDA:6,(anonymous_1)
FNDA:51,(anonymous_2)
FNDA:65,(anonymous_3)
FNDA:65,(anonymous_4)
DA:11,1
DA:15,65
DA:17,65
DA:19,65
DA:20,6
DA:22,6
DA:24,4
DA:26,4
DA:28,4
DA:31,65
DA:40,51
DA:49,65
DA:59,65
LF:13
LH:13
BRDA:12,0,0,64
BRDA:22,1,0,2
BRDA:22,1,1,4
BRF:3
BRH:3
end_of_record
TN:
SF:src/components/todo-list/index.tsx
FN:14,(anonymous_0)
FN:26,(anonymous_1)
FN:36,(anonymous_2)
FN:52,(anonymous_3)
FN:62,(anonymous_4)
FN:79,(anonymous_5)
FNF:6
FNH:0
FNDA:0,(anonymous_0)
FNDA:0,(anonymous_1)
FNDA:0,(anonymous_2)
FNDA:0,(anonymous_3)
FNDA:0,(anonymous_4)
FNDA:0,(anonymous_5)
DA:14,0
DA:20,0
DA:22,0
DA:27,0
DA:37,0
DA:53,0
DA:63,0
DA:79,0
LF:8
LH:0
BRDA:31,0,0,0
BRDA:31,0,1,0
BRDA:57,1,0,0
BRDA:57,1,1,0
BRF:4
BRH:0
end_of_record
TN:
SF:src/components/todo-list/item/action/index.tsx
FN:13,(anonymous_0)
FNF:1
FNH:0
FNDA:0,(anonymous_0)
DA:13,0
DA:18,0
DA:35,0
LF:3
LH:0
BRF:0
BRH:0
end_of_record
TN:
SF:src/components/todo-list/item/edit/index.tsx
FN:14,(anonymous_0)
FN:17,(anonymous_1)
FN:18,(anonymous_2)
FN:24,(anonymous_3)
FN:40,(anonymous_4)
FNF:5
FNH:5
FNDA:21,(anonymous_0)
FNDA:13,(anonymous_1)
FNDA:13,(anonymous_2)
FNDA:3,(anonymous_3)
FNDA:19,(anonymous_4)
DA:13,1
DA:15,21
DA:17,21
DA:18,13
DA:24,21
DA:25,3
DA:28,3
DA:30,1
DA:33,21
DA:40,19
LF:10
LH:10
BRDA:28,0,0,2
BRDA:28,0,1,1
BRDA:36,1,0,19
BRDA:36,1,1,2
BRF:4
BRH:4
end_of_record
